# JRE version: OpenJDK Runtime Environment (11.0.6+10) (build 11.0.6+10)
# Java VM: OpenJDK 64-Bit Server VM (11.0.6+10, mixed mode, tiered, compressed oops, g1 gc, windows-amd64)
Heap:
 garbage-first heap   total 630784K, used 27768K [0x0000000600e00000, 0x0000000800000000)
  region size 2048K, 12 young (24576K), 5 survivors (10240K)
 Metaspace       used 59766K, capacity 61892K, committed 62028K, reserved 1101824K
  class space    used 7650K, capacity 8788K, committed 8832K, reserved 1048576K
GC Heap History (12 events):
Event: 0.459 GC heap before
{Heap before GC invocations=0 (full 0):
 garbage-first heap   total 524288K, used 22528K [0x0000000600e00000, 0x0000000800000000)
  region size 2048K, 12 young (24576K), 0 survivors (0K)
 Metaspace       used 9641K, capacity 9807K, committed 9984K, reserved 1058816K
  class space    used 851K, capacity 907K, committed 1024K, reserved 1048576K
}
Event: 0.466 GC heap after
{Heap after GC invocations=1 (full 0):
 garbage-first heap   total 524288K, used 5595K [0x0000000600e00000, 0x0000000800000000)
  region size 2048K, 2 young (4096K), 2 survivors (4096K)
 Metaspace       used 9641K, capacity 9807K, committed 9984K, reserved 1058816K
  class space    used 851K, capacity 907K, committed 1024K, reserved 1048576K
}
Event: 1.006 GC heap before
{Heap before GC invocations=1 (full 0):
 garbage-first heap   total 524288K, used 42459K [0x0000000600e00000, 0x0000000800000000)
  region size 2048K, 21 young (43008K), 2 survivors (4096K)
 Metaspace       used 20753K, capacity 21071K, committed 21248K, reserved 1069056K
  class space    used 2271K, capacity 2435K, committed 2560K, reserved 1048576K
}
Event: 1.010 GC heap after
{Heap after GC invocations=2 (full 0):
 garbage-first heap   total 524288K, used 7088K [0x0000000600e00000, 0x0000000800000000)
  region size 2048K, 3 young (6144K), 3 survivors (6144K)
 Metaspace       used 20753K, capacity 21071K, committed 21248K, reserved 1069056K
  class space    used 2271K, capacity 2435K, committed 2560K, reserved 1048576K
}
Event: 1.670 GC heap before
{Heap before GC invocations=3 (full 0):
 garbage-first heap   total 524288K, used 50096K [0x0000000600e00000, 0x0000000800000000)
  region size 2048K, 24 young (49152K), 3 survivors (6144K)
 Metaspace       used 32148K, capacity 33018K, committed 33280K, reserved 1079296K
  class space    used 3830K, capacity 4226K, committed 4352K, reserved 1048576K
}
Event: 1.675 GC heap after
{Heap after GC invocations=4 (full 0):
 garbage-first heap   total 524288K, used 10548K [0x0000000600e00000, 0x0000000800000000)
  region size 2048K, 3 young (6144K), 3 survivors (6144K)
 Metaspace       used 32148K, capacity 33018K, committed 33280K, reserved 1079296K
  class space    used 3830K, capacity 4226K, committed 4352K, reserved 1048576K
}
Event: 1.792 GC heap before
{Heap before GC invocations=4 (full 0):
 garbage-first heap   total 524288K, used 16692K [0x0000000600e00000, 0x0000000800000000)
  region size 2048K, 7 young (14336K), 3 survivors (6144K)
 Metaspace       used 34812K, capacity 35824K, committed 35840K, reserved 1081344K
  class space    used 4164K, capacity 4598K, committed 4608K, reserved 1048576K
}
Event: 1.797 GC heap after
{Heap after GC invocations=5 (full 0):
 garbage-first heap   total 524288K, used 10958K [0x0000000600e00000, 0x0000000800000000)
  region size 2048K, 3 young (6144K), 3 survivors (6144K)
 Metaspace       used 34812K, capacity 35824K, committed 35840K, reserved 1081344K
  class space    used 4164K, capacity 4598K, committed 4608K, reserved 1048576K
}
Event: 2.487 GC heap before
{Heap before GC invocations=6 (full 0):
 garbage-first heap   total 524288K, used 82638K [0x0000000600e00000, 0x0000000800000000)
  region size 2048K, 39 young (79872K), 3 survivors (6144K)
 Metaspace       used 50666K, capacity 52500K, committed 52812K, reserved 1095680K
  class space    used 6522K, capacity 7477K, committed 7552K, reserved 1048576K
}
Event: 2.494 GC heap after
{Heap after GC invocations=7 (full 0):
 garbage-first heap   total 630784K, used 13625K [0x0000000600e00000, 0x0000000800000000)
  region size 2048K, 4 young (8192K), 4 survivors (8192K)
 Metaspace       used 50666K, capacity 52500K, committed 52812K, reserved 1095680K
  class space    used 6522K, capacity 7477K, committed 7552K, reserved 1048576K
}
Event: 2.847 GC heap before
{Heap before GC invocations=7 (full 0):
 garbage-first heap   total 630784K, used 38201K [0x0000000600e00000, 0x0000000800000000)
  region size 2048K, 18 young (36864K), 4 survivors (8192K)
 Metaspace       used 58053K, capacity 60084K, committed 60236K, reserved 1101824K
  class space    used 7397K, capacity 8479K, committed 8576K, reserved 1048576K
}
Event: 2.857 GC heap after
{Heap after GC invocations=8 (full 0):
 garbage-first heap   total 630784K, used 15480K [0x0000000600e00000, 0x0000000800000000)
  region size 2048K, 5 young (10240K), 5 survivors (10240K)
 Metaspace       used 58053K, capacity 60084K, committed 60236K, reserved 1101824K
  class space    used 7397K, capacity 8479K, committed 8576K, reserved 1048576K
}

