# JRE version: OpenJDK Runtime Environment (11.0.6+10) (build 11.0.6+10)
# Java VM: OpenJDK 64-Bit Server VM (11.0.6+10, mixed mode, tiered, compressed oops, g1 gc, windows-amd64)
Heap:
 garbage-first heap   total 524288K, used 39405K [0x0000000600e00000, 0x0000000800000000)
  region size 2048K, 18 young (36864K), 5 survivors (10240K)
 Metaspace       used 61626K, capacity 64015K, committed 64164K, reserved 1103872K
  class space    used 7934K, capacity 9193K, committed 9292K, reserved 1048576K
GC Heap History (12 events):
Event: 0.767 GC heap before
{Heap before GC invocations=0 (full 0):
 garbage-first heap   total 524288K, used 24576K [0x0000000600e00000, 0x0000000800000000)
  region size 2048K, 12 young (24576K), 0 survivors (0K)
 Metaspace       used 9219K, capacity 9359K, committed 9600K, reserved 1058816K
  class space    used 804K, capacity 843K, committed 896K, reserved 1048576K
}
Event: 0.772 GC heap after
{Heap after GC invocations=1 (full 0):
 garbage-first heap   total 524288K, used 5610K [0x0000000600e00000, 0x0000000800000000)
  region size 2048K, 2 young (4096K), 2 survivors (4096K)
 Metaspace       used 9219K, capacity 9359K, committed 9600K, reserved 1058816K
  class space    used 804K, capacity 843K, committed 896K, reserved 1048576K
}
Event: 1.397 GC heap before
{Heap before GC invocations=1 (full 0):
 garbage-first heap   total 524288K, used 52714K [0x0000000600e00000, 0x0000000800000000)
  region size 2048K, 26 young (53248K), 2 survivors (4096K)
 Metaspace       used 20770K, capacity 21192K, committed 21296K, reserved 1069056K
  class space    used 2244K, capacity 2432K, committed 2432K, reserved 1048576K
}
Event: 1.403 GC heap after
{Heap after GC invocations=2 (full 0):
 garbage-first heap   total 524288K, used 7148K [0x0000000600e00000, 0x0000000800000000)
  region size 2048K, 3 young (6144K), 3 survivors (6144K)
 Metaspace       used 20770K, capacity 21192K, committed 21296K, reserved 1069056K
  class space    used 2244K, capacity 2432K, committed 2432K, reserved 1048576K
}
Event: 2.091 GC heap before
{Heap before GC invocations=3 (full 0):
 garbage-first heap   total 524288K, used 58348K [0x0000000600e00000, 0x0000000800000000)
  region size 2048K, 29 young (59392K), 3 survivors (6144K)
 Metaspace       used 32934K, capacity 33819K, committed 33968K, reserved 1079296K
  class space    used 3887K, capacity 4279K, committed 4352K, reserved 1048576K
}
Event: 2.097 GC heap after
{Heap after GC invocations=4 (full 0):
 garbage-first heap   total 524288K, used 10273K [0x0000000600e00000, 0x0000000800000000)
  region size 2048K, 3 young (6144K), 3 survivors (6144K)
 Metaspace       used 32934K, capacity 33819K, committed 33968K, reserved 1079296K
  class space    used 3887K, capacity 4279K, committed 4352K, reserved 1048576K
}
Event: 2.163 GC heap before
{Heap before GC invocations=4 (full 0):
 garbage-first heap   total 524288K, used 14369K [0x0000000600e00000, 0x0000000800000000)
  region size 2048K, 6 young (12288K), 3 survivors (6144K)
 Metaspace       used 34791K, capacity 35693K, committed 35708K, reserved 1081344K
  class space    used 4102K, capacity 4548K, committed 4556K, reserved 1048576K
}
Event: 2.167 GC heap after
{Heap after GC invocations=5 (full 0):
 garbage-first heap   total 524288K, used 10520K [0x0000000600e00000, 0x0000000800000000)
  region size 2048K, 3 young (6144K), 3 survivors (6144K)
 Metaspace       used 34791K, capacity 35693K, committed 35708K, reserved 1081344K
  class space    used 4102K, capacity 4548K, committed 4556K, reserved 1048576K
}
Event: 2.840 GC heap before
{Heap before GC invocations=6 (full 0):
 garbage-first heap   total 524288K, used 90392K [0x0000000600e00000, 0x0000000800000000)
  region size 2048K, 43 young (88064K), 3 survivors (6144K)
 Metaspace       used 49853K, capacity 51573K, committed 51836K, reserved 1093632K
  class space    used 6326K, capacity 7252K, committed 7372K, reserved 1048576K
}
Event: 2.846 GC heap after
{Heap after GC invocations=7 (full 0):
 garbage-first heap   total 524288K, used 13151K [0x0000000600e00000, 0x0000000800000000)
  region size 2048K, 4 young (8192K), 4 survivors (8192K)
 Metaspace       used 49853K, capacity 51573K, committed 51836K, reserved 1093632K
  class space    used 6326K, capacity 7252K, committed 7372K, reserved 1048576K
}
Event: 3.249 GC heap before
{Heap before GC invocations=7 (full 0):
 garbage-first heap   total 524288K, used 47967K [0x0000000600e00000, 0x0000000800000000)
  region size 2048K, 23 young (47104K), 4 survivors (8192K)
 Metaspace       used 57925K, capacity 59892K, committed 59940K, reserved 1101824K
  class space    used 7298K, capacity 8381K, committed 8396K, reserved 1048576K
}
Event: 3.258 GC heap after
{Heap after GC invocations=8 (full 0):
 garbage-first heap   total 524288K, used 14829K [0x0000000600e00000, 0x0000000800000000)
  region size 2048K, 5 young (10240K), 5 survivors (10240K)
 Metaspace       used 57925K, capacity 59892K, committed 59940K, reserved 1101824K
  class space    used 7298K, capacity 8381K, committed 8396K, reserved 1048576K
}

