# JRE version: OpenJDK Runtime Environment (11.0.6+10) (build 11.0.6+10)
# Java VM: OpenJDK 64-Bit Server VM (11.0.6+10, mixed mode, tiered, compressed oops, g1 gc, windows-amd64)
Heap:
 garbage-first heap   total 630784K, used 23464K [0x0000000600e00000, 0x0000000800000000)
  region size 2048K, 10 young (20480K), 5 survivors (10240K)
 Metaspace       used 59643K, capacity 61813K, committed 62028K, reserved 1101824K
  class space    used 7627K, capacity 8781K, committed 8832K, reserved 1048576K
GC Heap History (12 events):
Event: 0.518 GC heap before
{Heap before GC invocations=0 (full 0):
 garbage-first heap   total 524288K, used 24576K [0x0000000600e00000, 0x0000000800000000)
  region size 2048K, 12 young (24576K), 0 survivors (0K)
 Metaspace       used 9640K, capacity 9807K, committed 9984K, reserved 1058816K
  class space    used 851K, capacity 907K, committed 1024K, reserved 1048576K
}
Event: 0.534 GC heap after
{Heap after GC invocations=1 (full 0):
 garbage-first heap   total 524288K, used 5570K [0x0000000600e00000, 0x0000000800000000)
  region size 2048K, 2 young (4096K), 2 survivors (4096K)
 Metaspace       used 9640K, capacity 9807K, committed 9984K, reserved 1058816K
  class space    used 851K, capacity 907K, committed 1024K, reserved 1048576K
}
Event: 1.199 GC heap before
{Heap before GC invocations=1 (full 0):
 garbage-first heap   total 524288K, used 42434K [0x0000000600e00000, 0x0000000800000000)
  region size 2048K, 21 young (43008K), 2 survivors (4096K)
 Metaspace       used 20773K, capacity 21084K, committed 21248K, reserved 1069056K
  class space    used 2271K, capacity 2438K, committed 2560K, reserved 1048576K
}
Event: 1.204 GC heap after
{Heap after GC invocations=2 (full 0):
 garbage-first heap   total 524288K, used 7335K [0x0000000600e00000, 0x0000000800000000)
  region size 2048K, 3 young (6144K), 3 survivors (6144K)
 Metaspace       used 20773K, capacity 21084K, committed 21248K, reserved 1069056K
  class space    used 2271K, capacity 2438K, committed 2560K, reserved 1048576K
}
Event: 1.900 GC heap before
{Heap before GC invocations=3 (full 0):
 garbage-first heap   total 524288K, used 48295K [0x0000000600e00000, 0x0000000800000000)
  region size 2048K, 24 young (49152K), 3 survivors (6144K)
 Metaspace       used 32164K, capacity 33024K, committed 33280K, reserved 1079296K
  class space    used 3833K, capacity 4229K, committed 4352K, reserved 1048576K
}
Event: 1.905 GC heap after
{Heap after GC invocations=4 (full 0):
 garbage-first heap   total 524288K, used 10289K [0x0000000600e00000, 0x0000000800000000)
  region size 2048K, 3 young (6144K), 3 survivors (6144K)
 Metaspace       used 32164K, capacity 33024K, committed 33280K, reserved 1079296K
  class space    used 3833K, capacity 4229K, committed 4352K, reserved 1048576K
}
Event: 2.015 GC heap before
{Heap before GC invocations=4 (full 0):
 garbage-first heap   total 524288K, used 16433K [0x0000000600e00000, 0x0000000800000000)
  region size 2048K, 7 young (14336K), 3 survivors (6144K)
 Metaspace       used 34817K, capacity 35824K, committed 35840K, reserved 1081344K
  class space    used 4164K, capacity 4598K, committed 4608K, reserved 1048576K
}
Event: 2.020 GC heap after
{Heap after GC invocations=5 (full 0):
 garbage-first heap   total 524288K, used 10916K [0x0000000600e00000, 0x0000000800000000)
  region size 2048K, 3 young (6144K), 3 survivors (6144K)
 Metaspace       used 34817K, capacity 35824K, committed 35840K, reserved 1081344K
  class space    used 4164K, capacity 4598K, committed 4608K, reserved 1048576K
}
Event: 2.766 GC heap before
{Heap before GC invocations=6 (full 0):
 garbage-first heap   total 524288K, used 82596K [0x0000000600e00000, 0x0000000800000000)
  region size 2048K, 38 young (77824K), 3 survivors (6144K)
 Metaspace       used 50029K, capacity 51754K, committed 51916K, reserved 1093632K
  class space    used 6415K, capacity 7331K, committed 7424K, reserved 1048576K
}
Event: 2.773 GC heap after
{Heap after GC invocations=7 (full 0):
 garbage-first heap   total 630784K, used 13585K [0x0000000600e00000, 0x0000000800000000)
  region size 2048K, 4 young (8192K), 4 survivors (8192K)
 Metaspace       used 50029K, capacity 51754K, committed 51916K, reserved 1093632K
  class space    used 6415K, capacity 7331K, committed 7424K, reserved 1048576K
}
Event: 3.222 GC heap before
{Heap before GC invocations=7 (full 0):
 garbage-first heap   total 630784K, used 42257K [0x0000000600e00000, 0x0000000800000000)
  region size 2048K, 20 young (40960K), 4 survivors (8192K)
 Metaspace       used 58096K, capacity 60110K, committed 60236K, reserved 1101824K
  class space    used 7400K, capacity 8493K, committed 8576K, reserved 1048576K
}
Event: 3.232 GC heap after
{Heap after GC invocations=8 (full 0):
 garbage-first heap   total 630784K, used 15272K [0x0000000600e00000, 0x0000000800000000)
  region size 2048K, 5 young (10240K), 5 survivors (10240K)
 Metaspace       used 58096K, capacity 60110K, committed 60236K, reserved 1101824K
  class space    used 7400K, capacity 8493K, committed 8576K, reserved 1048576K
}

